{"/Users/joshuawang/Desktop/DEV272/dev272/recipe-app/components/FavoriteButton.tsx": {"path":"/Users/joshuawang/Desktop/DEV272/dev272/recipe-app/components/FavoriteButton.tsx","statementMap":{"0":{"start":{"line":9,"column":23},"end":{"line":24,"column":1}},"1":{"start":{"line":11,"column":4},"end":{"line":23,"column":5}}},"fnMap":{"0":{"name":"(anonymous_0)","decl":{"start":{"line":9,"column":23},"end":{"line":9,"column":24}},"loc":{"start":{"line":9,"column":95},"end":{"line":24,"column":1}},"line":9}},"branchMap":{"0":{"loc":{"start":{"line":9,"column":26},"end":{"line":9,"column":44}},"type":"default-arg","locations":[{"start":{"line":9,"column":39},"end":{"line":9,"column":44}}],"line":9},"1":{"loc":{"start":{"line":19,"column":30},"end":{"line":19,"column":75}},"type":"cond-expr","locations":[{"start":{"line":19,"column":43},"end":{"line":19,"column":57}},{"start":{"line":19,"column":60},"end":{"line":19,"column":75}}],"line":19}},"s":{"0":1,"1":2},"f":{"0":2},"b":{"0":[1],"1":[0,2]},"_coverageSchema":"1a1c01bbd47fc00a2c39e90264f33305004495a9","hash":"790413cb9369f8b0dfecb3ccecee85a490ee75ed"}
,"/Users/joshuawang/Desktop/DEV272/dev272/recipe-app/components/ThemedText.tsx": {"path":"/Users/joshuawang/Desktop/DEV272/dev272/recipe-app/components/ThemedText.tsx","statementMap":{"0":{"start":{"line":18,"column":16},"end":{"line":18,"column":77}},"1":{"start":{"line":20,"column":2},"end":{"line":33,"column":4}},"2":{"start":{"line":36,"column":15},"end":{"line":60,"column":2}}},"fnMap":{"0":{"name":"ThemedText","decl":{"start":{"line":11,"column":16},"end":{"line":11,"column":26}},"loc":{"start":{"line":17,"column":20},"end":{"line":34,"column":1}},"line":17}},"branchMap":{"0":{"loc":{"start":{"line":15,"column":2},"end":{"line":15,"column":18}},"type":"default-arg","locations":[{"start":{"line":15,"column":9},"end":{"line":15,"column":18}}],"line":15},"1":{"loc":{"start":{"line":24,"column":8},"end":{"line":24,"column":55}},"type":"cond-expr","locations":[{"start":{"line":24,"column":29},"end":{"line":24,"column":43}},{"start":{"line":24,"column":46},"end":{"line":24,"column":55}}],"line":24},"2":{"loc":{"start":{"line":25,"column":8},"end":{"line":25,"column":51}},"type":"cond-expr","locations":[{"start":{"line":25,"column":27},"end":{"line":25,"column":39}},{"start":{"line":25,"column":42},"end":{"line":25,"column":51}}],"line":25},"3":{"loc":{"start":{"line":26,"column":8},"end":{"line":26,"column":71}},"type":"cond-expr","locations":[{"start":{"line":26,"column":37},"end":{"line":26,"column":59}},{"start":{"line":26,"column":62},"end":{"line":26,"column":71}}],"line":26},"4":{"loc":{"start":{"line":27,"column":8},"end":{"line":27,"column":57}},"type":"cond-expr","locations":[{"start":{"line":27,"column":30},"end":{"line":27,"column":45}},{"start":{"line":27,"column":48},"end":{"line":27,"column":57}}],"line":27},"5":{"loc":{"start":{"line":28,"column":8},"end":{"line":28,"column":49}},"type":"cond-expr","locations":[{"start":{"line":28,"column":26},"end":{"line":28,"column":37}},{"start":{"line":28,"column":40},"end":{"line":28,"column":49}}],"line":28}},"s":{"0":1,"1":1,"2":1},"f":{"0":1},"b":{"0":[1],"1":[1,0],"2":[0,1],"3":[0,1],"4":[0,1],"5":[0,1]},"_coverageSchema":"1a1c01bbd47fc00a2c39e90264f33305004495a9","hash":"4441eb58922bbca13f76ef6caae0814267958ce8"}
,"/Users/joshuawang/Desktop/DEV272/dev272/recipe-app/components/ui/icon/index.tsx": {"path":"/Users/joshuawang/Desktop/DEV272/dev272/recipe-app/components/ui/icon/index.tsx","statementMap":{"0":{"start":{"line":10,"column":22},"end":{"line":15,"column":1}},"1":{"start":{"line":17,"column":18},"end":{"line":29,"column":2}},"2":{"start":{"line":31,"column":0},"end":{"line":42,"column":3}},"3":{"start":{"line":48,"column":13},"end":{"line":79,"column":1}},"4":{"start":{"line":50,"column":4},"end":{"line":70,"column":5}},"5":{"start":{"line":51,"column":6},"end":{"line":58,"column":8}},"6":{"start":{"line":59,"column":11},"end":{"line":70,"column":5}},"7":{"start":{"line":63,"column":6},"end":{"line":69,"column":8}},"8":{"start":{"line":71,"column":4},"end":{"line":77,"column":6}},"9":{"start":{"line":85,"column":21},"end":{"line":111,"column":1}},"10":{"start":{"line":86,"column":27},"end":{"line":92,"column":3}},"11":{"start":{"line":94,"column":2},"end":{"line":110,"column":5}},"12":{"start":{"line":103,"column":4},"end":{"line":109,"column":6}},"13":{"start":{"line":114,"column":16},"end":{"line":133,"column":2}},"14":{"start":{"line":135,"column":0},"end":{"line":135,"column":32}},"15":{"start":{"line":138,"column":24},"end":{"line":163,"column":2}},"16":{"start":{"line":165,"column":0},"end":{"line":165,"column":48}},"17":{"start":{"line":168,"column":20},"end":{"line":187,"column":2}},"18":{"start":{"line":189,"column":22},"end":{"line":209,"column":2}},"19":{"start":{"line":211,"column":23},"end":{"line":231,"column":2}},"20":{"start":{"line":233,"column":22},"end":{"line":252,"column":2}},"21":{"start":{"line":254,"column":0},"end":{"line":254,"column":40}},"22":{"start":{"line":255,"column":0},"end":{"line":255,"column":44}},"23":{"start":{"line":256,"column":0},"end":{"line":256,"column":46}},"24":{"start":{"line":257,"column":0},"end":{"line":257,"column":44}},"25":{"start":{"line":261,"column":19},"end":{"line":282,"column":2}},"26":{"start":{"line":284,"column":0},"end":{"line":284,"column":38}},"27":{"start":{"line":288,"column":17},"end":{"line":307,"column":2}},"28":{"start":{"line":309,"column":0},"end":{"line":309,"column":34}},"29":{"start":{"line":313,"column":25},"end":{"line":380,"column":2}},"30":{"start":{"line":382,"column":0},"end":{"line":382,"column":50}},"31":{"start":{"line":386,"column":18},"end":{"line":399,"column":2}},"32":{"start":{"line":401,"column":24},"end":{"line":420,"column":2}},"33":{"start":{"line":422,"column":0},"end":{"line":422,"column":36}},"34":{"start":{"line":423,"column":0},"end":{"line":423,"column":48}},"35":{"start":{"line":427,"column":22},"end":{"line":441,"column":2}},"36":{"start":{"line":443,"column":24},"end":{"line":456,"column":2}},"37":{"start":{"line":458,"column":24},"end":{"line":471,"column":2}},"38":{"start":{"line":473,"column":25},"end":{"line":487,"column":2}},"39":{"start":{"line":489,"column":25},"end":{"line":509,"column":2}},"40":{"start":{"line":511,"column":26},"end":{"line":531,"column":2}},"41":{"start":{"line":533,"column":27},"end":{"line":553,"column":2}},"42":{"start":{"line":555,"column":0},"end":{"line":555,"column":44}},"43":{"start":{"line":556,"column":0},"end":{"line":556,"column":48}},"44":{"start":{"line":557,"column":0},"end":{"line":557,"column":48}},"45":{"start":{"line":558,"column":0},"end":{"line":558,"column":50}},"46":{"start":{"line":559,"column":0},"end":{"line":559,"column":50}},"47":{"start":{"line":560,"column":0},"end":{"line":560,"column":52}},"48":{"start":{"line":561,"column":0},"end":{"line":561,"column":54}},"49":{"start":{"line":573,"column":19},"end":{"line":586,"column":2}},"50":{"start":{"line":588,"column":0},"end":{"line":588,"column":38}},"51":{"start":{"line":592,"column":18},"end":{"line":611,"column":2}},"52":{"start":{"line":613,"column":0},"end":{"line":613,"column":36}},"53":{"start":{"line":617,"column":18},"end":{"line":636,"column":2}},"54":{"start":{"line":638,"column":24},"end":{"line":663,"column":2}},"55":{"start":{"line":665,"column":0},"end":{"line":665,"column":36}},"56":{"start":{"line":666,"column":0},"end":{"line":666,"column":48}},"57":{"start":{"line":670,"column":17},"end":{"line":689,"column":2}},"58":{"start":{"line":691,"column":0},"end":{"line":691,"column":34}},"59":{"start":{"line":695,"column":21},"end":{"line":720,"column":2}},"60":{"start":{"line":722,"column":0},"end":{"line":722,"column":42}},"61":{"start":{"line":725,"column":17},"end":{"line":744,"column":2}},"62":{"start":{"line":746,"column":0},"end":{"line":746,"column":34}},"63":{"start":{"line":749,"column":16},"end":{"line":768,"column":2}},"64":{"start":{"line":770,"column":0},"end":{"line":770,"column":32}},"65":{"start":{"line":772,"column":19},"end":{"line":803,"column":2}},"66":{"start":{"line":805,"column":0},"end":{"line":805,"column":38}},"67":{"start":{"line":808,"column":22},"end":{"line":821,"column":2}},"68":{"start":{"line":823,"column":0},"end":{"line":823,"column":44}},"69":{"start":{"line":826,"column":18},"end":{"line":851,"column":2}},"70":{"start":{"line":853,"column":0},"end":{"line":853,"column":36}},"71":{"start":{"line":856,"column":25},"end":{"line":899,"column":2}},"72":{"start":{"line":901,"column":0},"end":{"line":901,"column":50}},"73":{"start":{"line":904,"column":23},"end":{"line":929,"column":2}},"74":{"start":{"line":931,"column":0},"end":{"line":931,"column":46}},"75":{"start":{"line":934,"column":17},"end":{"line":959,"column":2}},"76":{"start":{"line":961,"column":0},"end":{"line":961,"column":34}},"77":{"start":{"line":964,"column":17},"end":{"line":983,"column":2}},"78":{"start":{"line":985,"column":0},"end":{"line":985,"column":34}},"79":{"start":{"line":987,"column":25},"end":{"line":1012,"column":2}},"80":{"start":{"line":1014,"column":0},"end":{"line":1014,"column":50}},"81":{"start":{"line":1017,"column":19},"end":{"line":1030,"column":2}},"82":{"start":{"line":1032,"column":0},"end":{"line":1032,"column":38}},"83":{"start":{"line":1035,"column":17},"end":{"line":1054,"column":2}},"84":{"start":{"line":1056,"column":0},"end":{"line":1056,"column":34}},"85":{"start":{"line":1059,"column":17},"end":{"line":1078,"column":2}},"86":{"start":{"line":1080,"column":0},"end":{"line":1080,"column":34}},"87":{"start":{"line":1083,"column":17},"end":{"line":1108,"column":2}},"88":{"start":{"line":1110,"column":0},"end":{"line":1110,"column":34}},"89":{"start":{"line":1113,"column":26},"end":{"line":1126,"column":2}},"90":{"start":{"line":1128,"column":0},"end":{"line":1128,"column":52}},"91":{"start":{"line":1132,"column":17},"end":{"line":1145,"column":2}},"92":{"start":{"line":1147,"column":0},"end":{"line":1147,"column":34}},"93":{"start":{"line":1150,"column":22},"end":{"line":1163,"column":2}},"94":{"start":{"line":1165,"column":0},"end":{"line":1165,"column":44}},"95":{"start":{"line":1168,"column":18},"end":{"line":1181,"column":2}},"96":{"start":{"line":1183,"column":0},"end":{"line":1183,"column":36}},"97":{"start":{"line":1186,"column":17},"end":{"line":1205,"column":2}},"98":{"start":{"line":1207,"column":0},"end":{"line":1207,"column":34}},"99":{"start":{"line":1210,"column":19},"end":{"line":1223,"column":2}},"100":{"start":{"line":1225,"column":0},"end":{"line":1225,"column":38}},"101":{"start":{"line":1228,"column":19},"end":{"line":1259,"column":2}},"102":{"start":{"line":1261,"column":0},"end":{"line":1261,"column":38}},"103":{"start":{"line":1263,"column":20},"end":{"line":1300,"column":2}},"104":{"start":{"line":1302,"column":0},"end":{"line":1302,"column":40}},"105":{"start":{"line":1305,"column":19},"end":{"line":1324,"column":2}},"106":{"start":{"line":1326,"column":0},"end":{"line":1326,"column":38}},"107":{"start":{"line":1329,"column":21},"end":{"line":1348,"column":2}},"108":{"start":{"line":1350,"column":0},"end":{"line":1350,"column":42}},"109":{"start":{"line":1353,"column":18},"end":{"line":1390,"column":2}},"110":{"start":{"line":1392,"column":0},"end":{"line":1392,"column":36}},"111":{"start":{"line":1395,"column":18},"end":{"line":1414,"column":2}},"112":{"start":{"line":1416,"column":0},"end":{"line":1416,"column":36}},"113":{"start":{"line":1419,"column":17},"end":{"line":1432,"column":2}},"114":{"start":{"line":1434,"column":0},"end":{"line":1434,"column":34}},"115":{"start":{"line":1437,"column":16},"end":{"line":1498,"column":2}},"116":{"start":{"line":1500,"column":0},"end":{"line":1500,"column":32}},"117":{"start":{"line":1503,"column":22},"end":{"line":1528,"column":2}},"118":{"start":{"line":1530,"column":0},"end":{"line":1530,"column":44}},"119":{"start":{"line":1533,"column":18},"end":{"line":1558,"column":2}},"120":{"start":{"line":1560,"column":0},"end":{"line":1560,"column":36}},"121":{"start":{"line":1563,"column":19},"end":{"line":1582,"column":2}},"122":{"start":{"line":1584,"column":0},"end":{"line":1584,"column":38}}},"fnMap":{"0":{"name":"Icon","decl":{"start":{"line":49,"column":11},"end":{"line":49,"column":15}},"loc":{"start":{"line":49,"column":59},"end":{"line":78,"column":3}},"line":49},"1":{"name":"(anonymous_1)","decl":{"start":{"line":85,"column":21},"end":{"line":85,"column":22}},"loc":{"start":{"line":85,"column":55},"end":{"line":111,"column":1}},"line":85},"2":{"name":"UIIcon","decl":{"start":{"line":94,"column":67},"end":{"line":94,"column":73}},"loc":{"start":{"line":102,"column":4},"end":{"line":110,"column":3}},"line":102}},"branchMap":{"0":{"loc":{"start":{"line":49,"column":18},"end":{"line":49,"column":29}},"type":"default-arg","locations":[{"start":{"line":49,"column":25},"end":{"line":49,"column":29}}],"line":49},"1":{"loc":{"start":{"line":50,"column":4},"end":{"line":70,"column":5}},"type":"if","locations":[{"start":{"line":50,"column":4},"end":{"line":70,"column":5}},{"start":{"line":59,"column":11},"end":{"line":70,"column":5}}],"line":50},"2":{"loc":{"start":{"line":59,"column":11},"end":{"line":70,"column":5}},"type":"if","locations":[{"start":{"line":59,"column":11},"end":{"line":70,"column":5}},{"start":{},"end":{}}],"line":59},"3":{"loc":{"start":{"line":60,"column":6},"end":{"line":61,"column":24}},"type":"binary-expr","locations":[{"start":{"line":60,"column":7},"end":{"line":60,"column":33}},{"start":{"line":60,"column":37},"end":{"line":60,"column":62}},{"start":{"line":61,"column":6},"end":{"line":61,"column":24}}],"line":60}},"s":{"0":1,"1":1,"2":1,"3":1,"4":2,"5":0,"6":2,"7":0,"8":2,"9":1,"10":0,"11":0,"12":0,"13":1,"14":1,"15":1,"16":1,"17":1,"18":1,"19":1,"20":1,"21":1,"22":1,"23":1,"24":1,"25":1,"26":1,"27":1,"28":1,"29":1,"30":1,"31":1,"32":1,"33":1,"34":1,"35":1,"36":1,"37":1,"38":1,"39":1,"40":1,"41":1,"42":1,"43":1,"44":1,"45":1,"46":1,"47":1,"48":1,"49":1,"50":1,"51":1,"52":1,"53":1,"54":1,"55":1,"56":1,"57":1,"58":1,"59":1,"60":1,"61":1,"62":1,"63":1,"64":1,"65":1,"66":1,"67":1,"68":1,"69":1,"70":1,"71":1,"72":1,"73":1,"74":1,"75":1,"76":1,"77":1,"78":1,"79":1,"80":1,"81":1,"82":1,"83":1,"84":1,"85":1,"86":1,"87":1,"88":1,"89":1,"90":1,"91":1,"92":1,"93":1,"94":1,"95":1,"96":1,"97":1,"98":1,"99":1,"100":1,"101":1,"102":1,"103":1,"104":1,"105":1,"106":1,"107":1,"108":1,"109":1,"110":1,"111":1,"112":1,"113":1,"114":1,"115":1,"116":1,"117":1,"118":1,"119":1,"120":1,"121":1,"122":1},"f":{"0":2,"1":0,"2":0},"b":{"0":[0],"1":[0,2],"2":[0,2],"3":[2,2,0]},"_coverageSchema":"1a1c01bbd47fc00a2c39e90264f33305004495a9","hash":"0f9927e657b6c57bff4d3f221b9abd189f545f6f"}
,"/Users/joshuawang/Desktop/DEV272/dev272/recipe-app/components/ui/pressable/index.tsx": {"path":"/Users/joshuawang/Desktop/DEV272/dev272/recipe-app/components/ui/pressable/index.tsx","statementMap":{"0":{"start":{"line":10,"column":20},"end":{"line":12,"column":2}},"1":{"start":{"line":14,"column":23},"end":{"line":16,"column":2}},"2":{"start":{"line":23,"column":18},"end":{"line":36,"column":2}},"3":{"start":{"line":27,"column":2},"end":{"line":35,"column":4}},"4":{"start":{"line":38,"column":0},"end":{"line":38,"column":36}}},"fnMap":{"0":{"name":"Pressable","decl":{"start":{"line":26,"column":11},"end":{"line":26,"column":20}},"loc":{"start":{"line":26,"column":51},"end":{"line":36,"column":1}},"line":26}},"branchMap":{},"s":{"0":1,"1":1,"2":1,"3":2,"4":1},"f":{"0":2},"b":{},"_coverageSchema":"1a1c01bbd47fc00a2c39e90264f33305004495a9","hash":"93c1c068e24da8558774ee929200e959dff2df03"}
,"/Users/joshuawang/Desktop/DEV272/dev272/recipe-app/constants/Colors.ts": {"path":"/Users/joshuawang/Desktop/DEV272/dev272/recipe-app/constants/Colors.ts","statementMap":{"0":{"start":{"line":6,"column":23},"end":{"line":6,"column":32}},"1":{"start":{"line":7,"column":22},"end":{"line":7,"column":28}},"2":{"start":{"line":9,"column":22},"end":{"line":30,"column":1}}},"fnMap":{},"branchMap":{},"s":{"0":1,"1":1,"2":1},"f":{},"b":{},"_coverageSchema":"1a1c01bbd47fc00a2c39e90264f33305004495a9","hash":"f6954b29b2282bd07820231d9755d5b4c979ce1f"}
,"/Users/joshuawang/Desktop/DEV272/dev272/recipe-app/hooks/useColorScheme.ts": {"path":"/Users/joshuawang/Desktop/DEV272/dev272/recipe-app/hooks/useColorScheme.ts","statementMap":{},"fnMap":{},"branchMap":{},"s":{},"f":{},"b":{},"_coverageSchema":"1a1c01bbd47fc00a2c39e90264f33305004495a9","hash":"85034a73bbc624f8837132127d343708573a9850"}
,"/Users/joshuawang/Desktop/DEV272/dev272/recipe-app/hooks/useThemeColor.ts": {"path":"/Users/joshuawang/Desktop/DEV272/dev272/recipe-app/hooks/useThemeColor.ts","statementMap":{"0":{"start":{"line":13,"column":16},"end":{"line":13,"column":43}},"1":{"start":{"line":14,"column":25},"end":{"line":14,"column":37}},"2":{"start":{"line":16,"column":2},"end":{"line":20,"column":3}},"3":{"start":{"line":17,"column":4},"end":{"line":17,"column":26}},"4":{"start":{"line":19,"column":4},"end":{"line":19,"column":36}}},"fnMap":{"0":{"name":"useThemeColor","decl":{"start":{"line":9,"column":16},"end":{"line":9,"column":29}},"loc":{"start":{"line":12,"column":2},"end":{"line":21,"column":1}},"line":12}},"branchMap":{"0":{"loc":{"start":{"line":13,"column":16},"end":{"line":13,"column":43}},"type":"binary-expr","locations":[{"start":{"line":13,"column":16},"end":{"line":13,"column":32}},{"start":{"line":13,"column":36},"end":{"line":13,"column":43}}],"line":13},"1":{"loc":{"start":{"line":16,"column":2},"end":{"line":20,"column":3}},"type":"if","locations":[{"start":{"line":16,"column":2},"end":{"line":20,"column":3}},{"start":{"line":18,"column":9},"end":{"line":20,"column":3}}],"line":16}},"s":{"0":1,"1":1,"2":1,"3":0,"4":1},"f":{"0":1},"b":{"0":[1,0],"1":[0,1]},"_coverageSchema":"1a1c01bbd47fc00a2c39e90264f33305004495a9","hash":"7bc83eac5f3198d0963ad11f7f233dad630a8aa6"}
}
