TN:
SF:components/FavoriteButton.tsx
FN:9,(anonymous_0)
FNF:1
FNH:1
FNDA:2,(anonymous_0)
DA:9,1
DA:11,2
LF:2
LH:2
BRDA:9,0,0,1
BRDA:19,1,0,0
BRDA:19,1,1,2
BRF:3
BRH:2
end_of_record
TN:
SF:components/ThemedText.tsx
FN:11,ThemedText
FNF:1
FNH:1
FNDA:1,ThemedText
DA:18,1
DA:20,1
DA:36,1
LF:3
LH:3
BRDA:15,0,0,1
BRDA:24,1,0,1
BRDA:24,1,1,0
BRDA:25,2,0,0
BRDA:25,2,1,1
BRDA:26,3,0,0
BRDA:26,3,1,1
BRDA:27,4,0,0
BRDA:27,4,1,1
BRDA:28,5,0,0
BRDA:28,5,1,1
BRF:11
BRH:6
end_of_record
TN:
SF:components/ui/icon/index.tsx
FN:49,Icon
FN:85,(anonymous_1)
FN:94,UIIcon
FNF:3
FNH:1
FNDA:2,Icon
FNDA:0,(anonymous_1)
FNDA:0,UIIcon
DA:10,1
DA:17,1
DA:31,1
DA:48,1
DA:50,2
DA:51,0
DA:59,2
DA:63,0
DA:71,2
DA:85,1
DA:86,0
DA:94,0
DA:103,0
DA:114,1
DA:135,1
DA:138,1
DA:165,1
DA:168,1
DA:189,1
DA:211,1
DA:233,1
DA:254,1
DA:255,1
DA:256,1
DA:257,1
DA:261,1
DA:284,1
DA:288,1
DA:309,1
DA:313,1
DA:382,1
DA:386,1
DA:401,1
DA:422,1
DA:423,1
DA:427,1
DA:443,1
DA:458,1
DA:473,1
DA:489,1
DA:511,1
DA:533,1
DA:555,1
DA:556,1
DA:557,1
DA:558,1
DA:559,1
DA:560,1
DA:561,1
DA:573,1
DA:588,1
DA:592,1
DA:613,1
DA:617,1
DA:638,1
DA:665,1
DA:666,1
DA:670,1
DA:691,1
DA:695,1
DA:722,1
DA:725,1
DA:746,1
DA:749,1
DA:770,1
DA:772,1
DA:805,1
DA:808,1
DA:823,1
DA:826,1
DA:853,1
DA:856,1
DA:901,1
DA:904,1
DA:931,1
DA:934,1
DA:961,1
DA:964,1
DA:985,1
DA:987,1
DA:1014,1
DA:1017,1
DA:1032,1
DA:1035,1
DA:1056,1
DA:1059,1
DA:1080,1
DA:1083,1
DA:1110,1
DA:1113,1
DA:1128,1
DA:1132,1
DA:1147,1
DA:1150,1
DA:1165,1
DA:1168,1
DA:1183,1
DA:1186,1
DA:1207,1
DA:1210,1
DA:1225,1
DA:1228,1
DA:1261,1
DA:1263,1
DA:1302,1
DA:1305,1
DA:1326,1
DA:1329,1
DA:1350,1
DA:1353,1
DA:1392,1
DA:1395,1
DA:1416,1
DA:1419,1
DA:1434,1
DA:1437,1
DA:1500,1
DA:1503,1
DA:1530,1
DA:1533,1
DA:1560,1
DA:1563,1
DA:1584,1
LF:123
LH:118
BRDA:49,0,0,0
BRDA:50,1,0,0
BRDA:50,1,1,2
BRDA:59,2,0,0
BRDA:59,2,1,2
BRDA:60,3,0,2
BRDA:60,3,1,2
BRDA:60,3,2,0
BRF:8
BRH:4
end_of_record
TN:
SF:components/ui/pressable/index.tsx
FN:26,Pressable
FNF:1
FNH:1
FNDA:2,Pressable
DA:10,1
DA:14,1
DA:23,1
DA:27,2
DA:38,1
LF:5
LH:5
BRF:0
BRH:0
end_of_record
TN:
SF:constants/Colors.ts
FNF:0
FNH:0
DA:6,1
DA:7,1
DA:9,1
LF:3
LH:3
BRF:0
BRH:0
end_of_record
TN:
SF:hooks/useColorScheme.ts
FNF:0
FNH:0
LF:0
LH:0
BRF:0
BRH:0
end_of_record
TN:
SF:hooks/useThemeColor.ts
FN:9,useThemeColor
FNF:1
FNH:1
FNDA:1,useThemeColor
DA:13,1
DA:14,1
DA:16,1
DA:17,0
DA:19,1
LF:5
LH:4
BRDA:13,0,0,1
BRDA:13,0,1,0
BRDA:16,1,0,0
BRDA:16,1,1,1
BRF:4
BRH:2
end_of_record
